# JRE version: Java(TM) SE Runtime Environment (11.0.5+10) (build 11.0.5+10-LTS)
# Java VM: Java HotSpot(TM) 64-Bit Server VM (11.0.5+10-LTS, mixed mode, tiered, compressed oops, g1 gc, windows-amd64)
Heap:
 garbage-first heap   total 1253376K, used 232931K [0x0000000405c00000, 0x0000000800000000)
  region size 4096K, 49 young (200704K), 5 survivors (20480K)
 Metaspace       used 85716K, capacity 90356K, committed 90704K, reserved 1126400K
  class space    used 12499K, capacity 13292K, committed 13392K, reserved 1048576K
GC Heap History (10 events):
Event: 6.708 GC heap before
{Heap before GC invocations=8 (full 0):
 garbage-first heap   total 1253376K, used 139800K [0x0000000405c00000, 0x0000000800000000)
  region size 4096K, 26 young (106496K), 1 survivors (4096K)
 Metaspace       used 51831K, capacity 52996K, committed 53200K, reserved 1093632K
  class space    used 8823K, capacity 9104K, committed 9168K, reserved 1048576K
}
Event: 6.714 GC heap after
{Heap after GC invocations=9 (full 0):
 garbage-first heap   total 1253376K, used 41794K [0x0000000405c00000, 0x0000000800000000)
  region size 4096K, 1 young (4096K), 1 survivors (4096K)
 Metaspace       used 51831K, capacity 52996K, committed 53200K, reserved 1093632K
  class space    used 8823K, capacity 9104K, committed 9168K, reserved 1048576K
}
Event: 8.515 GC heap before
{Heap before GC invocations=9 (full 0):
 garbage-first heap   total 1253376K, used 246594K [0x0000000405c00000, 0x0000000800000000)
  region size 4096K, 51 young (208896K), 1 survivors (4096K)
 Metaspace       used 57387K, capacity 59212K, committed 59472K, reserved 1099776K
  class space    used 9353K, capacity 9686K, committed 9808K, reserved 1048576K
}
Event: 8.522 GC heap after
{Heap after GC invocations=10 (full 0):
 garbage-first heap   total 1253376K, used 44526K [0x0000000405c00000, 0x0000000800000000)
  region size 4096K, 2 young (8192K), 2 survivors (8192K)
 Metaspace       used 57387K, capacity 59212K, committed 59472K, reserved 1099776K
  class space    used 9353K, capacity 9686K, committed 9808K, reserved 1048576K
}
Event: 8.901 GC heap before
{Heap before GC invocations=10 (full 0):
 garbage-first heap   total 1253376K, used 65006K [0x0000000405c00000, 0x0000000800000000)
  region size 4096K, 8 young (32768K), 2 survivors (8192K)
 Metaspace       used 58176K, capacity 60377K, committed 60496K, reserved 1099776K
  class space    used 9401K, capacity 9754K, committed 9808K, reserved 1048576K
}
Event: 8.922 GC heap after
{Heap after GC invocations=11 (full 0):
 garbage-first heap   total 1253376K, used 45135K [0x0000000405c00000, 0x0000000800000000)
  region size 4096K, 2 young (8192K), 2 survivors (8192K)
 Metaspace       used 58176K, capacity 60377K, committed 60496K, reserved 1099776K
  class space    used 9401K, capacity 9754K, committed 9808K, reserved 1048576K
}
Event: 12.029 GC heap before
{Heap before GC invocations=12 (full 0):
 garbage-first heap   total 1253376K, used 315471K [0x0000000405c00000, 0x0000000800000000)
  region size 4096K, 68 young (278528K), 2 survivors (8192K)
 Metaspace       used 68986K, capacity 72324K, committed 72528K, reserved 1110016K
  class space    used 10570K, capacity 11081K, committed 11088K, reserved 1048576K
}
Event: 12.041 GC heap after
{Heap after GC invocations=13 (full 0):
 garbage-first heap   total 1253376K, used 50656K [0x0000000405c00000, 0x0000000800000000)
  region size 4096K, 3 young (12288K), 3 survivors (12288K)
 Metaspace       used 68986K, capacity 72324K, committed 72528K, reserved 1110016K
  class space    used 10570K, capacity 11081K, committed 11088K, reserved 1048576K
}
Event: 14.230 GC heap before
{Heap before GC invocations=13 (full 0):
 garbage-first heap   total 1253376K, used 419296K [0x0000000405c00000, 0x0000000800000000)
  region size 4096K, 93 young (380928K), 3 survivors (12288K)
 Metaspace       used 76396K, capacity 80611K, committed 80720K, reserved 1118208K
  class space    used 11651K, capacity 12261K, committed 12368K, reserved 1048576K
}
Event: 14.251 GC heap after
{Heap after GC invocations=14 (full 0):
 garbage-first heap   total 1253376K, used 56803K [0x0000000405c00000, 0x0000000800000000)
  region size 4096K, 5 young (20480K), 5 survivors (20480K)
 Metaspace       used 76396K, capacity 80611K, committed 80720K, reserved 1118208K
  class space    used 11651K, capacity 12261K, committed 12368K, reserved 1048576K
}

