# JRE version: Java(TM) SE Runtime Environment (9.0+11) (build 9.0.1+11)
# Java VM: Java HotSpot(TM) 64-Bit Server VM (9.0.1+11, mixed mode, tiered, compressed oops, g1 gc, windows-amd64)
Heap:
 garbage-first heap   total 315392K, used 141828K [0x00000006c1400000, 0x00000006c15009a0, 0x00000007c0000000)
  region size 1024K, 73 young (74752K), 20 survivors (20480K)
 Metaspace       used 81563K, capacity 86400K, committed 86684K, reserved 1122304K
  class space    used 12184K, capacity 12935K, committed 12956K, reserved 1048576K
GC Heap History (10 events):
Event: 8.438 GC heap before
{Heap before GC invocations=12 (full 0):
 garbage-first heap   total 262144K, used 183736K [0x00000006c1400000, 0x00000006c1500800, 0x00000007c0000000)
  region size 1024K, 136 young (139264K), 2 survivors (2048K)
 Metaspace       used 61982K, capacity 65462K, committed 65564K, reserved 1103872K
  class space    used 9766K, capacity 10249K, committed 10268K, reserved 1048576K
}
Event: 8.444 GC heap after
{Heap after GC invocations=13 (full 0):
 garbage-first heap   total 262144K, used 49921K [0x00000006c1400000, 0x00000006c1500800, 0x00000007c0000000)
  region size 1024K, 7 young (7168K), 7 survivors (7168K)
 Metaspace       used 61982K, capacity 65462K, committed 65564K, reserved 1103872K
  class space    used 9766K, capacity 10249K, committed 10268K, reserved 1048576K
}
Event: 8.970 GC heap before
{Heap before GC invocations=14 (full 0):
 garbage-first heap   total 262144K, used 190209K [0x00000006c1400000, 0x00000006c1500800, 0x00000007c0000000)
  region size 1024K, 144 young (147456K), 7 survivors (7168K)
 Metaspace       used 64288K, capacity 67994K, committed 68124K, reserved 1105920K
  class space    used 10187K, capacity 10688K, committed 10780K, reserved 1048576K
}
Event: 8.975 GC heap after
{Heap after GC invocations=15 (full 0):
 garbage-first heap   total 262144K, used 52354K [0x00000006c1400000, 0x00000006c1500800, 0x00000007c0000000)
  region size 1024K, 10 young (10240K), 10 survivors (10240K)
 Metaspace       used 64288K, capacity 67994K, committed 68124K, reserved 1105920K
  class space    used 10187K, capacity 10688K, committed 10780K, reserved 1048576K
}
Event: 9.628 GC heap before
{Heap before GC invocations=15 (full 0):
 garbage-first heap   total 262144K, used 194690K [0x00000006c1400000, 0x00000006c1500800, 0x00000007c0000000)
  region size 1024K, 149 young (152576K), 10 survivors (10240K)
 Metaspace       used 67987K, capacity 71940K, committed 72220K, reserved 1110016K
  class space    used 10687K, capacity 11258K, committed 11292K, reserved 1048576K
}
Event: 9.634 GC heap after
{Heap after GC invocations=16 (full 0):
 garbage-first heap   total 262144K, used 53178K [0x00000006c1400000, 0x00000006c1500800, 0x00000007c0000000)
  region size 1024K, 11 young (11264K), 11 survivors (11264K)
 Metaspace       used 67987K, capacity 71940K, committed 72220K, reserved 1110016K
  class space    used 10687K, capacity 11258K, committed 11292K, reserved 1048576K
}
Event: 10.340 GC heap before
{Heap before GC invocations=16 (full 0):
 garbage-first heap   total 262144K, used 198586K [0x00000006c1400000, 0x00000006c1500800, 0x00000007c0000000)
  region size 1024K, 153 young (156672K), 11 survivors (11264K)
 Metaspace       used 70448K, capacity 74764K, committed 75036K, reserved 1112064K
  class space    used 11139K, capacity 11682K, committed 11804K, reserved 1048576K
}
Event: 10.351 GC heap after
{Heap after GC invocations=17 (full 0):
 garbage-first heap   total 262144K, used 56953K [0x00000006c1400000, 0x00000006c1500800, 0x00000007c0000000)
  region size 1024K, 14 young (14336K), 14 survivors (14336K)
 Metaspace       used 70448K, capacity 74764K, committed 75036K, reserved 1112064K
  class space    used 11139K, capacity 11682K, committed 11804K, reserved 1048576K
}
Event: 18.800 GC heap before
{Heap before GC invocations=17 (full 0):
 garbage-first heap   total 262144K, used 211577K [0x00000006c1400000, 0x00000006c1500800, 0x00000007c0000000)
  region size 1024K, 153 young (156672K), 14 survivors (14336K)
 Metaspace       used 81137K, capacity 85952K, committed 86172K, reserved 1122304K
  class space    used 12171K, capacity 12935K, committed 12956K, reserved 1048576K
}
Event: 18.820 GC heap after
{Heap after GC invocations=18 (full 0):
 garbage-first heap   total 315392K, used 85508K [0x00000006c1400000, 0x00000006c15009a0, 0x00000007c0000000)
  region size 1024K, 20 young (20480K), 20 survivors (20480K)
 Metaspace       used 81137K, capacity 85952K, committed 86172K, reserved 1122304K
  class space    used 12171K, capacity 12935K, committed 12956K, reserved 1048576K
}

