# JRE version: Java(TM) SE Runtime Environment (9.0+11) (build 9.0.1+11)
# Java VM: Java HotSpot(TM) 64-Bit Server VM (9.0.1+11, mixed mode, tiered, compressed oops, g1 gc, windows-amd64)
Heap:
 garbage-first heap   total 315392K, used 243294K [0x00000006c1400000, 0x00000006c15009a0, 0x00000007c0000000)
  region size 1024K, 183 young (187392K), 22 survivors (22528K)
 Metaspace       used 83110K, capacity 87942K, committed 88220K, reserved 1124352K
  class space    used 12339K, capacity 13105K, committed 13212K, reserved 1048576K
GC Heap History (10 events):
Event: 7.709 GC heap before
{Heap before GC invocations=10 (full 0):
 garbage-first heap   total 262144K, used 111565K [0x00000006c1400000, 0x00000006c1500800, 0x00000007c0000000)
  region size 1024K, 72 young (73728K), 11 survivors (11264K)
 Metaspace       used 57372K, capacity 60245K, committed 60420K, reserved 1099776K
  class space    used 9294K, capacity 9672K, committed 9756K, reserved 1048576K
}
Event: 7.717 GC heap after
{Heap after GC invocations=11 (full 0):
 garbage-first heap   total 262144K, used 47685K [0x00000006c1400000, 0x00000006c1500800, 0x00000007c0000000)
  region size 1024K, 4 young (4096K), 4 survivors (4096K)
 Metaspace       used 57372K, capacity 60245K, committed 60420K, reserved 1099776K
  class space    used 9294K, capacity 9672K, committed 9756K, reserved 1048576K
}
Event: 8.880 GC heap before
{Heap before GC invocations=12 (full 0):
 garbage-first heap   total 262144K, used 179781K [0x00000006c1400000, 0x00000006c1500800, 0x00000007c0000000)
  region size 1024K, 134 young (137216K), 4 survivors (4096K)
 Metaspace       used 62019K, capacity 65526K, committed 65564K, reserved 1103872K
  class space    used 9769K, capacity 10249K, committed 10268K, reserved 1048576K
}
Event: 8.890 GC heap after
{Heap after GC invocations=13 (full 0):
 garbage-first heap   total 315392K, used 49240K [0x00000006c1400000, 0x00000006c15009a0, 0x00000007c0000000)
  region size 1024K, 8 young (8192K), 8 survivors (8192K)
 Metaspace       used 62019K, capacity 65526K, committed 65564K, reserved 1103872K
  class space    used 9769K, capacity 10249K, committed 10268K, reserved 1048576K
}
Event: 9.546 GC heap before
{Heap before GC invocations=14 (full 0):
 garbage-first heap   total 315392K, used 221272K [0x00000006c1400000, 0x00000006c15009a0, 0x00000007c0000000)
  region size 1024K, 176 young (180224K), 8 survivors (8192K)
 Metaspace       used 64649K, capacity 68498K, committed 68764K, reserved 1107968K
  class space    used 10209K, capacity 10788K, committed 10908K, reserved 1048576K
}
Event: 9.552 GC heap after
{Heap after GC invocations=15 (full 0):
 garbage-first heap   total 315392K, used 50182K [0x00000006c1400000, 0x00000006c15009a0, 0x00000007c0000000)
  region size 1024K, 9 young (9216K), 9 survivors (9216K)
 Metaspace       used 64649K, capacity 68498K, committed 68764K, reserved 1107968K
  class space    used 10209K, capacity 10788K, committed 10908K, reserved 1048576K
}
Event: 10.438 GC heap before
{Heap before GC invocations=15 (full 0):
 garbage-first heap   total 315392K, used 229382K [0x00000006c1400000, 0x00000006c15009a0, 0x00000007c0000000)
  region size 1024K, 184 young (188416K), 9 survivors (9216K)
 Metaspace       used 69176K, capacity 73352K, committed 73500K, reserved 1112064K
  class space    used 10925K, capacity 11494K, committed 11548K, reserved 1048576K
}
Event: 10.445 GC heap after
{Heap after GC invocations=16 (full 0):
 garbage-first heap   total 315392K, used 52792K [0x00000006c1400000, 0x00000006c15009a0, 0x00000007c0000000)
  region size 1024K, 12 young (12288K), 12 survivors (12288K)
 Metaspace       used 69176K, capacity 73352K, committed 73500K, reserved 1112064K
  class space    used 10925K, capacity 11494K, committed 11548K, reserved 1048576K
}
Event: 15.015 GC heap before
{Heap before GC invocations=16 (full 0):
 garbage-first heap   total 315392K, used 238136K [0x00000006c1400000, 0x00000006c15009a0, 0x00000007c0000000)
  region size 1024K, 184 young (188416K), 12 survivors (12288K)
 Metaspace       used 76207K, capacity 81022K, committed 81308K, reserved 1118208K
  class space    used 11827K, capacity 12579K, committed 12700K, reserved 1048576K
}
Event: 15.032 GC heap after
{Heap after GC invocations=17 (full 0):
 garbage-first heap   total 315392K, used 72286K [0x00000006c1400000, 0x00000006c15009a0, 0x00000007c0000000)
  region size 1024K, 22 young (22528K), 22 survivors (22528K)
 Metaspace       used 76207K, capacity 81022K, committed 81308K, reserved 1118208K
  class space    used 11827K, capacity 12579K, committed 12700K, reserved 1048576K
}

