# JRE version: Java(TM) SE Runtime Environment (9.0+11) (build 9.0.1+11)
# Java VM: Java HotSpot(TM) 64-Bit Server VM (9.0.1+11, mixed mode, tiered, compressed oops, g1 gc, windows-amd64)
Heap:
 garbage-first heap   total 315392K, used 175305K [0x00000006c1400000, 0x00000006c15009a0, 0x00000007c0000000)
  region size 1024K, 117 young (119808K), 23 survivors (23552K)
 Metaspace       used 82543K, capacity 87386K, committed 87580K, reserved 1124352K
  class space    used 12308K, capacity 13069K, committed 13084K, reserved 1048576K
GC Heap History (10 events):
Event: 7.609 GC heap before
{Heap before GC invocations=9 (full 0):
 garbage-first heap   total 315392K, used 167971K [0x00000006c1400000, 0x00000006c15009a0, 0x00000007c0000000)
  region size 1024K, 127 young (130048K), 6 survivors (6144K)
 Metaspace       used 57447K, capacity 60305K, committed 60420K, reserved 1099776K
  class space    used 9302K, capacity 9672K, committed 9756K, reserved 1048576K
}
Event: 7.618 GC heap after
{Heap after GC invocations=10 (full 0):
 garbage-first heap   total 315392K, used 51439K [0x00000006c1400000, 0x00000006c15009a0, 0x00000007c0000000)
  region size 1024K, 12 young (12288K), 12 survivors (12288K)
 Metaspace       used 57447K, capacity 60305K, committed 60420K, reserved 1099776K
  class space    used 9302K, capacity 9672K, committed 9756K, reserved 1048576K
}
Event: 8.915 GC heap before
{Heap before GC invocations=11 (full 0):
 garbage-first heap   total 315392K, used 205039K [0x00000006c1400000, 0x00000006c15009a0, 0x00000007c0000000)
  region size 1024K, 164 young (167936K), 12 survivors (12288K)
 Metaspace       used 62794K, capacity 66324K, committed 66588K, reserved 1105920K
  class space    used 9972K, capacity 10447K, committed 10524K, reserved 1048576K
}
Event: 8.927 GC heap after
{Heap after GC invocations=12 (full 0):
 garbage-first heap   total 315392K, used 48562K [0x00000006c1400000, 0x00000006c15009a0, 0x00000007c0000000)
  region size 1024K, 12 young (12288K), 12 survivors (12288K)
 Metaspace       used 62794K, capacity 66324K, committed 66588K, reserved 1105920K
  class space    used 9972K, capacity 10447K, committed 10524K, reserved 1048576K
}
Event: 9.521 GC heap before
{Heap before GC invocations=13 (full 0):
 garbage-first heap   total 315392K, used 221618K [0x00000006c1400000, 0x00000006c15009a0, 0x00000007c0000000)
  region size 1024K, 181 young (185344K), 12 survivors (12288K)
 Metaspace       used 64870K, capacity 68714K, committed 69020K, reserved 1107968K
  class space    used 10237K, capacity 10792K, committed 10908K, reserved 1048576K
}
Event: 9.530 GC heap after
{Heap after GC invocations=14 (full 0):
 garbage-first heap   total 315392K, used 48133K [0x00000006c1400000, 0x00000006c15009a0, 0x00000007c0000000)
  region size 1024K, 12 young (12288K), 12 survivors (12288K)
 Metaspace       used 64870K, capacity 68714K, committed 69020K, reserved 1107968K
  class space    used 10237K, capacity 10792K, committed 10908K, reserved 1048576K
}
Event: 10.716 GC heap before
{Heap before GC invocations=14 (full 0):
 garbage-first heap   total 315392K, used 224261K [0x00000006c1400000, 0x00000006c15009a0, 0x00000007c0000000)
  region size 1024K, 184 young (188416K), 12 survivors (12288K)
 Metaspace       used 70388K, capacity 74626K, committed 74652K, reserved 1112064K
  class space    used 11139K, capacity 11672K, committed 11676K, reserved 1048576K
}
Event: 10.728 GC heap after
{Heap after GC invocations=15 (full 0):
 garbage-first heap   total 315392K, used 54274K [0x00000006c1400000, 0x00000006c15009a0, 0x00000007c0000000)
  region size 1024K, 18 young (18432K), 18 survivors (18432K)
 Metaspace       used 70388K, capacity 74626K, committed 74652K, reserved 1112064K
  class space    used 11139K, capacity 11672K, committed 11676K, reserved 1048576K
}
Event: 115.220 GC heap before
{Heap before GC invocations=15 (full 0):
 garbage-first heap   total 315392K, used 234498K [0x00000006c1400000, 0x00000006c15009a0, 0x00000007c0000000)
  region size 1024K, 184 young (188416K), 18 survivors (18432K)
 Metaspace       used 77052K, capacity 81880K, committed 82204K, reserved 1118208K
  class space    used 11949K, capacity 12713K, committed 12828K, reserved 1048576K
}
Event: 115.237 GC heap after
{Heap after GC invocations=16 (full 0):
 garbage-first heap   total 315392K, used 74953K [0x00000006c1400000, 0x00000006c15009a0, 0x00000007c0000000)
  region size 1024K, 23 young (23552K), 23 survivors (23552K)
 Metaspace       used 77052K, capacity 81880K, committed 82204K, reserved 1118208K
  class space    used 11949K, capacity 12713K, committed 12828K, reserved 1048576K
}

