# JRE version: Java(TM) SE Runtime Environment (9.0+11) (build 9.0.1+11)
# Java VM: Java HotSpot(TM) 64-Bit Server VM (9.0.1+11, mixed mode, tiered, compressed oops, g1 gc, windows-amd64)
Heap:
 garbage-first heap   total 315392K, used 164004K [0x00000006c1400000, 0x00000006c15009a0, 0x00000007c0000000)
  region size 1024K, 102 young (104448K), 23 survivors (23552K)
 Metaspace       used 81553K, capacity 86400K, committed 86704K, reserved 1122304K
  class space    used 12184K, capacity 12935K, committed 13008K, reserved 1048576K
GC Heap History (10 events):
Event: 7.022 GC heap before
{Heap before GC invocations=10 (full 0):
 garbage-first heap   total 262144K, used 67176K [0x00000006c1400000, 0x00000006c1500800, 0x00000007c0000000)
  region size 1024K, 29 young (29696K), 10 survivors (10240K)
 Metaspace       used 57107K, capacity 59951K, committed 60080K, reserved 1099776K
  class space    used 9274K, capacity 9638K, committed 9680K, reserved 1048576K
}
Event: 7.030 GC heap after
{Heap after GC invocations=11 (full 0):
 garbage-first heap   total 315392K, used 47238K [0x00000006c1400000, 0x00000006c15009a0, 0x00000007c0000000)
  region size 1024K, 7 young (7168K), 7 survivors (7168K)
 Metaspace       used 57107K, capacity 59951K, committed 60080K, reserved 1099776K
  class space    used 9274K, capacity 9638K, committed 9680K, reserved 1048576K
}
Event: 8.503 GC heap before
{Heap before GC invocations=12 (full 0):
 garbage-first heap   total 315392K, used 209030K [0x00000006c1400000, 0x00000006c15009a0, 0x00000007c0000000)
  region size 1024K, 167 young (171008K), 7 survivors (7168K)
 Metaspace       used 63183K, capacity 66740K, committed 66864K, reserved 1105920K
  class space    used 10059K, capacity 10543K, committed 10576K, reserved 1048576K
}
Event: 8.513 GC heap after
{Heap after GC invocations=13 (full 0):
 garbage-first heap   total 315392K, used 48631K [0x00000006c1400000, 0x00000006c15009a0, 0x00000007c0000000)
  region size 1024K, 13 young (13312K), 13 survivors (13312K)
 Metaspace       used 63183K, capacity 66740K, committed 66864K, reserved 1105920K
  class space    used 10059K, capacity 10543K, committed 10576K, reserved 1048576K
}
Event: 9.089 GC heap before
{Heap before GC invocations=13 (full 0):
 garbage-first heap   total 315392K, used 223735K [0x00000006c1400000, 0x00000006c15009a0, 0x00000007c0000000)
  region size 1024K, 184 young (188416K), 13 survivors (13312K)
 Metaspace       used 64831K, capacity 68650K, committed 68912K, reserved 1107968K
  class space    used 10231K, capacity 10792K, committed 10832K, reserved 1048576K
}
Event: 9.097 GC heap after
{Heap after GC invocations=14 (full 0):
 garbage-first heap   total 315392K, used 48016K [0x00000006c1400000, 0x00000006c15009a0, 0x00000007c0000000)
  region size 1024K, 11 young (11264K), 11 survivors (11264K)
 Metaspace       used 64831K, capacity 68650K, committed 68912K, reserved 1107968K
  class space    used 10231K, capacity 10792K, committed 10832K, reserved 1048576K
}
Event: 10.317 GC heap before
{Heap before GC invocations=14 (full 0):
 garbage-first heap   total 315392K, used 225168K [0x00000006c1400000, 0x00000006c15009a0, 0x00000007c0000000)
  region size 1024K, 184 young (188416K), 11 survivors (11264K)
 Metaspace       used 70389K, capacity 74650K, committed 74928K, reserved 1112064K
  class space    used 11137K, capacity 11676K, committed 11728K, reserved 1048576K
}
Event: 10.327 GC heap after
{Heap after GC invocations=15 (full 0):
 garbage-first heap   total 315392K, used 53702K [0x00000006c1400000, 0x00000006c15009a0, 0x00000007c0000000)
  region size 1024K, 17 young (17408K), 17 survivors (17408K)
 Metaspace       used 70389K, capacity 74650K, committed 74928K, reserved 1112064K
  class space    used 11137K, capacity 11676K, committed 11728K, reserved 1048576K
}
Event: 14.464 GC heap before
{Heap before GC invocations=15 (full 0):
 garbage-first heap   total 315392K, used 233926K [0x00000006c1400000, 0x00000006c15009a0, 0x00000007c0000000)
  region size 1024K, 184 young (188416K), 17 survivors (17408K)
 Metaspace       used 76741K, capacity 81598K, committed 81840K, reserved 1118208K
  class space    used 11889K, capacity 12643K, committed 12752K, reserved 1048576K
}
Event: 14.485 GC heap after
{Heap after GC invocations=16 (full 0):
 garbage-first heap   total 315392K, used 79012K [0x00000006c1400000, 0x00000006c15009a0, 0x00000007c0000000)
  region size 1024K, 23 young (23552K), 23 survivors (23552K)
 Metaspace       used 76741K, capacity 81598K, committed 81840K, reserved 1118208K
  class space    used 11889K, capacity 12643K, committed 12752K, reserved 1048576K
}

