# JRE version: Java(TM) SE Runtime Environment (9.0+11) (build 9.0.1+11)
# Java VM: Java HotSpot(TM) 64-Bit Server VM (9.0.1+11, mixed mode, tiered, compressed oops, g1 gc, windows-amd64)
Heap:
 garbage-first heap   total 315392K, used 226937K [0x00000006c1400000, 0x00000006c15009a0, 0x00000007c0000000)
  region size 1024K, 169 young (173056K), 13 survivors (13312K)
 Metaspace       used 81577K, capacity 86400K, committed 86704K, reserved 1122304K
  class space    used 12183K, capacity 12935K, committed 13008K, reserved 1048576K
GC Heap History (10 events):
Event: 7.343 GC heap before
{Heap before GC invocations=11 (full 0):
 garbage-first heap   total 262144K, used 67092K [0x00000006c1400000, 0x00000006c1500800, 0x00000007c0000000)
  region size 1024K, 29 young (29696K), 10 survivors (10240K)
 Metaspace       used 57106K, capacity 59951K, committed 60080K, reserved 1099776K
  class space    used 9276K, capacity 9638K, committed 9680K, reserved 1048576K
}
Event: 7.351 GC heap after
{Heap after GC invocations=12 (full 0):
 garbage-first heap   total 262144K, used 47336K [0x00000006c1400000, 0x00000006c1500800, 0x00000007c0000000)
  region size 1024K, 7 young (7168K), 7 survivors (7168K)
 Metaspace       used 57106K, capacity 59951K, committed 60080K, reserved 1099776K
  class space    used 9276K, capacity 9638K, committed 9680K, reserved 1048576K
}
Event: 8.431 GC heap before
{Heap before GC invocations=13 (full 0):
 garbage-first heap   total 262144K, used 170216K [0x00000006c1400000, 0x00000006c1500800, 0x00000007c0000000)
  region size 1024K, 129 young (132096K), 7 survivors (7168K)
 Metaspace       used 61636K, capacity 65022K, committed 65328K, reserved 1103872K
  class space    used 9738K, capacity 10213K, committed 10320K, reserved 1048576K
}
Event: 8.439 GC heap after
{Heap after GC invocations=14 (full 0):
 garbage-first heap   total 262144K, used 48394K [0x00000006c1400000, 0x00000006c1500800, 0x00000007c0000000)
  region size 1024K, 12 young (12288K), 12 survivors (12288K)
 Metaspace       used 61636K, capacity 65022K, committed 65328K, reserved 1103872K
  class space    used 9738K, capacity 10213K, committed 10320K, reserved 1048576K
}
Event: 9.047 GC heap before
{Heap before GC invocations=14 (full 0):
 garbage-first heap   total 262144K, used 179466K [0x00000006c1400000, 0x00000006c1500800, 0x00000007c0000000)
  region size 1024K, 140 young (143360K), 12 survivors (12288K)
 Metaspace       used 64273K, capacity 67994K, committed 68016K, reserved 1105920K
  class space    used 10186K, capacity 10688K, committed 10704K, reserved 1048576K
}
Event: 9.057 GC heap after
{Heap after GC invocations=15 (full 0):
 garbage-first heap   total 315392K, used 50550K [0x00000006c1400000, 0x00000006c15009a0, 0x00000007c0000000)
  region size 1024K, 10 young (10240K), 10 survivors (10240K)
 Metaspace       used 64273K, capacity 67994K, committed 68016K, reserved 1105920K
  class space    used 10186K, capacity 10688K, committed 10704K, reserved 1048576K
}
Event: 9.817 GC heap before
{Heap before GC invocations=15 (full 0):
 garbage-first heap   total 315392K, used 224630K [0x00000006c1400000, 0x00000006c15009a0, 0x00000007c0000000)
  region size 1024K, 180 young (184320K), 10 survivors (10240K)
 Metaspace       used 67986K, capacity 71940K, committed 72240K, reserved 1110016K
  class space    used 10687K, capacity 11258K, committed 11344K, reserved 1048576K
}
Event: 9.824 GC heap after
{Heap after GC invocations=16 (full 0):
 garbage-first heap   total 315392K, used 52287K [0x00000006c1400000, 0x00000006c15009a0, 0x00000007c0000000)
  region size 1024K, 12 young (12288K), 12 survivors (12288K)
 Metaspace       used 67986K, capacity 71940K, committed 72240K, reserved 1110016K
  class space    used 10687K, capacity 11258K, committed 11344K, reserved 1048576K
}
Event: 10.874 GC heap before
{Heap before GC invocations=16 (full 0):
 garbage-first heap   total 315392K, used 228415K [0x00000006c1400000, 0x00000006c15009a0, 0x00000007c0000000)
  region size 1024K, 184 young (188416K), 12 survivors (12288K)
 Metaspace       used 70933K, capacity 75482K, committed 75568K, reserved 1114112K
  class space    used 11190K, capacity 11788K, committed 11856K, reserved 1048576K
}
Event: 10.883 GC heap after
{Heap after GC invocations=17 (full 0):
 garbage-first heap   total 315392K, used 52857K [0x00000006c1400000, 0x00000006c15009a0, 0x00000007c0000000)
  region size 1024K, 13 young (13312K), 13 survivors (13312K)
 Metaspace       used 70933K, capacity 75482K, committed 75568K, reserved 1114112K
  class space    used 11190K, capacity 11788K, committed 11856K, reserved 1048576K
}

